time="2025-05-26 11:26:53" level=info msg="🔥 Starting kube-burner (1.15.2@0e60a622a5c71a404d32e9ba071d889aa7da8cb1) with UUID 485a6277-1416-4a5f-a1f7-343ab1ca2a1a" file="job.go:84"
time="2025-05-26 11:26:53" level=info msg="📈 Registered measurement: podLatency" file="factory.go:106"
time="2025-05-26 11:26:53" level=info msg="QPS: 2" file="job.go:331"
time="2025-05-26 11:26:53" level=info msg="Burst: 2" file="job.go:332"
time="2025-05-26 11:26:53" level=info msg="Job kubelet-density: 25 iterations with 1 Pod replicas" file="create.go:78"
time="2025-05-26 11:26:53" level=info msg="Creating Pod latency watcher for kubelet-density" file="pod_latency.go:163"
time="2025-05-26 11:26:53" level=info msg="Triggering job: kubelet-density" file="job.go:106"
time="2025-05-26 11:26:53" level=info msg="Namespace liqo-test already exists" file="namespaces.go:44"
time="2025-05-26 11:26:54" level=info msg="2/25 iterations completed" file="create.go:117"
time="2025-05-26 11:26:54" level=error msg="Pod/kubelet-density-0 in namespace liqo-test already exists" file="create.go:271"
time="2025-05-26 11:26:54" level=error msg="Pod/kubelet-density-1 in namespace liqo-test already exists" file="create.go:271"
time="2025-05-26 11:26:54" level=error msg="Pod/kubelet-density-2 in namespace liqo-test already exists" file="create.go:271"
time="2025-05-26 11:26:55" level=info msg="4/25 iterations completed" file="create.go:117"
time="2025-05-26 11:26:55" level=error msg="Pod/kubelet-density-3 in namespace liqo-test already exists" file="create.go:271"
time="2025-05-26 11:26:55" level=error msg="Pod/kubelet-density-4 in namespace liqo-test already exists" file="create.go:271"
time="2025-05-26 11:26:56" level=info msg="6/25 iterations completed" file="create.go:117"
time="2025-05-26 11:26:56" level=error msg="Pod/kubelet-density-5 in namespace liqo-test already exists" file="create.go:271"
time="2025-05-26 11:26:56" level=error msg="Pod/kubelet-density-6 in namespace liqo-test already exists" file="create.go:271"
time="2025-05-26 11:26:57" level=info msg="8/25 iterations completed" file="create.go:117"
time="2025-05-26 11:26:57" level=error msg="Pod/kubelet-density-7 in namespace liqo-test already exists" file="create.go:271"
time="2025-05-26 11:26:57" level=error msg="Pod/kubelet-density-8 in namespace liqo-test already exists" file="create.go:271"
time="2025-05-26 11:26:58" level=info msg="10/25 iterations completed" file="create.go:117"
time="2025-05-26 11:26:58" level=error msg="Pod/kubelet-density-9 in namespace liqo-test already exists" file="create.go:271"
time="2025-05-26 11:26:58" level=error msg="Pod/kubelet-density-10 in namespace liqo-test already exists" file="create.go:271"
time="2025-05-26 11:26:59" level=info msg="12/25 iterations completed" file="create.go:117"
time="2025-05-26 11:26:59" level=error msg="Pod/kubelet-density-11 in namespace liqo-test already exists" file="create.go:271"
time="2025-05-26 11:26:59" level=error msg="Pod/kubelet-density-12 in namespace liqo-test already exists" file="create.go:271"
time="2025-05-26 11:27:00" level=info msg="14/25 iterations completed" file="create.go:117"
time="2025-05-26 11:27:00" level=error msg="Pod/kubelet-density-13 in namespace liqo-test already exists" file="create.go:271"
time="2025-05-26 11:27:00" level=error msg="Pod/kubelet-density-14 in namespace liqo-test already exists" file="create.go:271"
time="2025-05-26 11:27:01" level=info msg="16/25 iterations completed" file="create.go:117"
time="2025-05-26 11:27:01" level=error msg="Pod/kubelet-density-15 in namespace liqo-test already exists" file="create.go:271"
time="2025-05-26 11:27:01" level=error msg="Pod/kubelet-density-16 in namespace liqo-test already exists" file="create.go:271"
time="2025-05-26 11:27:02" level=info msg="18/25 iterations completed" file="create.go:117"
time="2025-05-26 11:27:02" level=error msg="Pod/kubelet-density-17 in namespace liqo-test already exists" file="create.go:271"
time="2025-05-26 11:27:02" level=error msg="Pod/kubelet-density-18 in namespace liqo-test already exists" file="create.go:271"
time="2025-05-26 11:27:03" level=info msg="20/25 iterations completed" file="create.go:117"
time="2025-05-26 11:27:03" level=error msg="Pod/kubelet-density-19 in namespace liqo-test already exists" file="create.go:271"
time="2025-05-26 11:27:03" level=error msg="Pod/kubelet-density-20 in namespace liqo-test already exists" file="create.go:271"
time="2025-05-26 11:27:04" level=info msg="22/25 iterations completed" file="create.go:117"
time="2025-05-26 11:27:04" level=error msg="Pod/kubelet-density-21 in namespace liqo-test already exists" file="create.go:271"
time="2025-05-26 11:27:04" level=error msg="Pod/kubelet-density-22 in namespace liqo-test already exists" file="create.go:271"
time="2025-05-26 11:27:05" level=info msg="24/25 iterations completed" file="create.go:117"
time="2025-05-26 11:27:05" level=error msg="Pod/kubelet-density-23 in namespace liqo-test already exists" file="create.go:271"
time="2025-05-26 11:27:05" level=error msg="Pod/kubelet-density-24 in namespace liqo-test already exists" file="create.go:271"
time="2025-05-26 11:27:05" level=info msg="Waiting up to 4h0m0s for actions to be completed" file="create.go:167"
time="2025-05-26 11:27:06" level=info msg="Actions in namespace liqo-test completed" file="waiters.go:68"
time="2025-05-26 11:27:06" level=info msg="Verifying created objects" file="utils.go:119"
time="2025-05-26 11:27:06" level=error msg="pods found: 0 Expected: 25" file="utils.go:154"
time="2025-05-26 11:27:06" level=error msg="object verification failed" file="job.go:132"
time="2025-05-26 11:27:06" level=info msg="Job kubelet-density took 13s" file="job.go:167"
time="2025-05-26 11:27:06" level=info msg="Stopping measurement: podLatency" file="factory.go:147"
time="2025-05-26 11:27:06" level=info msg="Finished execution with UUID: 485a6277-1416-4a5f-a1f7-343ab1ca2a1a" file="job.go:231"
time="2025-05-26 11:27:06" level=info msg="Garbage collecting jobs" file="job.go:256"
time="2025-05-26 11:27:06" level=error msg="object verification failed" file="kube-burner.go:134"
